<?xml version="1.0" encoding="UTF-8"?><testsuite failures="1" name="cucumber.runtime.formatter.JUnitFormatter" skipped="0" tests="1" time="88.234822">
<testcase classname="Taxonomy Changes" name="1 Energy Infrastructure Development and Energy Infrastructure Resilience are separate terms" time="88.234822">
<failure message="org.openqa.selenium.TimeoutException: timeout&#10;  (Session info: chrome=109.0.5414.74)&#10;  (Driver info: chromedriver=2.41.578737 (49da6702b16031c40d63e5618de03a32ff6c197e),platform=Windows NT 10.0.18363 x86_64) (WARNING: The server did not provide any stacktrace information)&#10;Command duration or timeout: 0 milliseconds&#10;Build info: version: '3.11.0', revision: 'e59cfb3', time: '2018-03-11T20:26:55.152Z'&#10;System info: host: 'Way2AutoTesting', ip: '192.168.1.94', os.name: 'Windows 10', os.arch: 'amd64', os.version: '10.0', java.version: '1.8.0_101'&#10;Driver info: org.openqa.selenium.chrome.ChromeDriver&#10;Capabilities {acceptInsecureCerts: false, acceptSslCerts: false, applicationCacheEnabled: false, browserConnectionEnabled: false, browserName: chrome, chrome: {chromedriverVersion: 2.41.578737 (49da6702b16031..., userDataDir: C:\Users\Kunle\AppData\Loca...}, cssSelectorsEnabled: true, databaseEnabled: false, goog:chromeOptions: {debuggerAddress: localhost:63796}, handlesAlerts: true, hasTouchScreen: false, javascriptEnabled: true, locationContextEnabled: true, mobileEmulationEnabled: false, nativeEvents: true, networkConnectionEnabled: false, pageLoadStrategy: normal, platform: XP, platformName: XP, rotatable: false, setWindowRect: true, takesHeapSnapshot: true, takesScreenshot: true, unexpectedAlertBehaviour: , unhandledPromptBehavior: , version: 109.0.5414.74, webStorageEnabled: true}&#10;Session ID: 5433a84dfa28d23e38aa77a568d3e64b&#13;&#10;&#9;at sun.reflect.NativeConstructorAccessorImpl.newInstance0(Native Method)&#13;&#10;&#9;at sun.reflect.NativeConstructorAccessorImpl.newInstance(NativeConstructorAccessorImpl.java:62)&#13;&#10;&#9;at sun.reflect.DelegatingConstructorAccessorImpl.newInstance(DelegatingConstructorAccessorImpl.java:45)&#13;&#10;&#9;at java.lang.reflect.Constructor.newInstance(Constructor.java:423)&#13;&#10;&#9;at org.openqa.selenium.remote.ErrorHandler.createThrowable(ErrorHandler.java:214)&#13;&#10;&#9;at org.openqa.selenium.remote.ErrorHandler.throwIfResponseFailed(ErrorHandler.java:166)&#13;&#10;&#9;at org.openqa.selenium.remote.http.JsonHttpResponseCodec.reconstructValue(JsonHttpResponseCodec.java:40)&#13;&#10;&#9;at org.openqa.selenium.remote.http.AbstractHttpResponseCodec.decode(AbstractHttpResponseCodec.java:80)&#13;&#10;&#9;at org.openqa.selenium.remote.http.AbstractHttpResponseCodec.decode(AbstractHttpResponseCodec.java:44)&#13;&#10;&#9;at org.openqa.selenium.remote.HttpCommandExecutor.execute(HttpCommandExecutor.java:158)&#13;&#10;&#9;at org.openqa.selenium.remote.service.DriverCommandExecutor.execute(DriverCommandExecutor.java:83)&#13;&#10;&#9;at org.openqa.selenium.remote.RemoteWebDriver.execute(RemoteWebDriver.java:545)&#13;&#10;&#9;at org.openqa.selenium.remote.RemoteWebElement.execute(RemoteWebElement.java:279)&#13;&#10;&#9;at org.openqa.selenium.remote.RemoteWebElement.click(RemoteWebElement.java:83)&#13;&#10;&#9;at com.powerApp.framework.controls.internals.ControlBase.click(ControlBase.java:26)&#13;&#10;&#9;at sun.reflect.NativeMethodAccessorImpl.invoke0(Native Method)&#13;&#10;&#9;at sun.reflect.NativeMethodAccessorImpl.invoke(NativeMethodAccessorImpl.java:62)&#13;&#10;&#9;at sun.reflect.DelegatingMethodAccessorImpl.invoke(DelegatingMethodAccessorImpl.java:43)&#13;&#10;&#9;at java.lang.reflect.Method.invoke(Method.java:498)&#13;&#10;&#9;at com.powerApp.framework.controls.api.ControlHandler.invoke(ControlHandler.java:43)&#13;&#10;&#9;at com.sun.proxy.$Proxy20.click(Unknown Source)&#13;&#10;&#9;at com.powerApp.framework.base.DriverContext.WaitForElementToBeClickable(DriverContext.java:235)&#13;&#10;&#9;at com.powerApp.test.pages.MicrosoftStaySignedPage.ClickYesButton3(MicrosoftStaySignedPage.java:26)&#13;&#10;&#9;at com.powerApp.test.stepdefs.IssueTaxonomyChangesStepdef.IssueTaxonomyChangesStepdef(IssueTaxonomyChangesStepdef.java:30)&#13;&#10;&#9;at ✽.Given that I am requesting a Teams site via the provisioning App(IssueTaxonomyChanges.feature:9)&#13;&#10;"><![CDATA[Given that I am requesting a Teams site via the provisioning App............failed
Then I navigate Power Apps with "BEIS MS Teams Site Request Form" subtitle..skipped
When I Begin button.........................................................skipped
Then I validate "Purpose" page text 1 contains "Why do you need this new site? Please provide a description to explain the purpose of this site to colleagues.99".skipped
Then I validate "Purpose" page text 2 contains "This information will populate the description of the site. Max 1000 characters.".skipped
Then I validate "Purpose" page text 3 contains "What would you like to call your new site?".skipped
Then I validate "Purpose" page text 4 contains "Keep it short and specific. Acronyms are fine.".skipped
When I add a description to the new site "Purpose" such as "Communication and networking space for the future leaders scheme 2021-2022".skipped
When I add desired title to the new site "Purpose" such as "Future leaders scheme 2021-2022".skipped
When I click "Next Section" in "Purpose"....................................skipped
Then I validate "Activity" page text 1 contains "Is the site for core BEIS or another Public Body / Agency?".skipped
And I have selected "BEIS" as the Public body/Agency that will own the site.skipped
And I have selected that the site relates to the BEIS responsibility "Energy supply and security".skipped
When I click on the activity drop down list for "Energy supply and security".skipped
Then the list is expanded...................................................skipped
And there is an entry for "Energy Infrastructure Development"...............skipped
And there is an entry for "Energy Infrastructure Resilience"................skipped
And there is not an entry for "Energy Infrastructure Development and Resilience".skipped

StackTrace:
org.openqa.selenium.TimeoutException: timeout
  (Session info: chrome=109.0.5414.74)
  (Driver info: chromedriver=2.41.578737 (49da6702b16031c40d63e5618de03a32ff6c197e),platform=Windows NT 10.0.18363 x86_64) (WARNING: The server did not provide any stacktrace information)
Command duration or timeout: 0 milliseconds
Build info: version: '3.11.0', revision: 'e59cfb3', time: '2018-03-11T20:26:55.152Z'
System info: host: 'Way2AutoTesting', ip: '192.168.1.94', os.name: 'Windows 10', os.arch: 'amd64', os.version: '10.0', java.version: '1.8.0_101'
Driver info: org.openqa.selenium.chrome.ChromeDriver
Capabilities {acceptInsecureCerts: false, acceptSslCerts: false, applicationCacheEnabled: false, browserConnectionEnabled: false, browserName: chrome, chrome: {chromedriverVersion: 2.41.578737 (49da6702b16031..., userDataDir: C:\Users\Kunle\AppData\Loca...}, cssSelectorsEnabled: true, databaseEnabled: false, goog:chromeOptions: {debuggerAddress: localhost:63796}, handlesAlerts: true, hasTouchScreen: false, javascriptEnabled: true, locationContextEnabled: true, mobileEmulationEnabled: false, nativeEvents: true, networkConnectionEnabled: false, pageLoadStrategy: normal, platform: XP, platformName: XP, rotatable: false, setWindowRect: true, takesHeapSnapshot: true, takesScreenshot: true, unexpectedAlertBehaviour: , unhandledPromptBehavior: , version: 109.0.5414.74, webStorageEnabled: true}
Session ID: 5433a84dfa28d23e38aa77a568d3e64b
	at sun.reflect.NativeConstructorAccessorImpl.newInstance0(Native Method)
	at sun.reflect.NativeConstructorAccessorImpl.newInstance(NativeConstructorAccessorImpl.java:62)
	at sun.reflect.DelegatingConstructorAccessorImpl.newInstance(DelegatingConstructorAccessorImpl.java:45)
	at java.lang.reflect.Constructor.newInstance(Constructor.java:423)
	at org.openqa.selenium.remote.ErrorHandler.createThrowable(ErrorHandler.java:214)
	at org.openqa.selenium.remote.ErrorHandler.throwIfResponseFailed(ErrorHandler.java:166)
	at org.openqa.selenium.remote.http.JsonHttpResponseCodec.reconstructValue(JsonHttpResponseCodec.java:40)
	at org.openqa.selenium.remote.http.AbstractHttpResponseCodec.decode(AbstractHttpResponseCodec.java:80)
	at org.openqa.selenium.remote.http.AbstractHttpResponseCodec.decode(AbstractHttpResponseCodec.java:44)
	at org.openqa.selenium.remote.HttpCommandExecutor.execute(HttpCommandExecutor.java:158)
	at org.openqa.selenium.remote.service.DriverCommandExecutor.execute(DriverCommandExecutor.java:83)
	at org.openqa.selenium.remote.RemoteWebDriver.execute(RemoteWebDriver.java:545)
	at org.openqa.selenium.remote.RemoteWebElement.execute(RemoteWebElement.java:279)
	at org.openqa.selenium.remote.RemoteWebElement.click(RemoteWebElement.java:83)
	at com.powerApp.framework.controls.internals.ControlBase.click(ControlBase.java:26)
	at sun.reflect.NativeMethodAccessorImpl.invoke0(Native Method)
	at sun.reflect.NativeMethodAccessorImpl.invoke(NativeMethodAccessorImpl.java:62)
	at sun.reflect.DelegatingMethodAccessorImpl.invoke(DelegatingMethodAccessorImpl.java:43)
	at java.lang.reflect.Method.invoke(Method.java:498)
	at com.powerApp.framework.controls.api.ControlHandler.invoke(ControlHandler.java:43)
	at com.sun.proxy.$Proxy20.click(Unknown Source)
	at com.powerApp.framework.base.DriverContext.WaitForElementToBeClickable(DriverContext.java:235)
	at com.powerApp.test.pages.MicrosoftStaySignedPage.ClickYesButton3(MicrosoftStaySignedPage.java:26)
	at com.powerApp.test.stepdefs.IssueTaxonomyChangesStepdef.IssueTaxonomyChangesStepdef(IssueTaxonomyChangesStepdef.java:30)
	at ✽.Given that I am requesting a Teams site via the provisioning App(IssueTaxonomyChanges.feature:9)
]]></failure>
</testcase>
</testsuite>
